TN:
SF:/Users/danielroberts/projects/ivin/use-client/src/context.ts
FNF:0
FNH:0
DA:1,1
DA:5,1
LF:2
LH:2
BRF:0
BRH:0
end_of_record
TN:
SF:/Users/danielroberts/projects/ivin/use-client/src/provider.tsx
FN:10,(anonymous_0)
FNF:1
FNH:1
FNDA:2,(anonymous_0)
DA:1,1
DA:3,1
DA:10,1
DA:11,2
DA:13,2
DA:15,2
LF:6
LH:6
BRF:0
BRH:0
end_of_record
TN:
SF:/Users/danielroberts/projects/ivin/use-client/src/reducer.ts
FN:3,(anonymous_0)
FNF:1
FNH:1
FNDA:6,(anonymous_0)
DA:3,1
DA:4,6
DA:5,1
DA:16,5
DA:17,2
DA:26,3
DA:27,2
DA:37,1
LF:8
LH:8
BRDA:4,0,0,1
BRDA:4,0,1,5
BRDA:16,1,0,2
BRDA:16,1,1,3
BRDA:20,2,0,2
BRDA:20,2,1,1
BRDA:21,3,0,2
BRDA:21,3,1,1
BRDA:22,4,0,1
BRDA:22,4,1,1
BRDA:22,5,0,2
BRDA:22,5,1,1
BRDA:26,6,0,2
BRDA:26,6,1,1
BRDA:31,7,0,2
BRDA:31,7,1,1
BRDA:32,8,0,2
BRDA:32,8,1,1
BRDA:33,9,0,1
BRDA:33,9,1,1
BRDA:33,10,0,2
BRDA:33,10,1,1
BRF:22
BRH:22
end_of_record
